<?xml version="1.0" encoding="UTF-8"?>
<!-- Generated by org.testng.reporters.JUnitReportReporter -->
<testsuite skipped="0" hostname="PC201308271214" name="com.jqueryui.automate.DroppableTest" tests="1" failures="0" timestamp="21 Nov 2017 21:42:19 GMT" time="17.556" errors="0">
  <testcase name="testDroppable" time="17.556" classname="com.jqueryui.automate.DroppableTest"/>
</testsuite> <!-- com.jqueryui.automate.DroppableTest -->
