<?xml version="1.0" encoding="UTF-8"?>
<!-- Generated by org.testng.reporters.JUnitReportReporter -->
<testsuite skipped="0" hostname="PC201308271214" name="com.jqueryui.automate.ControlGroup" tests="1" failures="0" timestamp="29 Nov 2017 20:53:11 GMT" time="18.988" errors="0">
  <testcase name="testControlGroup" time="18.988" classname="com.jqueryui.automate.ControlGroup"/>
</testsuite> <!-- com.jqueryui.automate.ControlGroup -->
