<?xml version="1.0" encoding="UTF-8"?>
<!-- Generated by org.testng.reporters.JUnitReportReporter -->
<testsuite skipped="0" hostname="PC201308271214" name="com.jqueryui.automate.Menu" tests="1" failures="0" timestamp="29 Nov 2017 22:14:53 GMT" time="36.957" errors="0">
  <testcase name="testMenu" time="36.957" classname="com.jqueryui.automate.Menu"/>
</testsuite> <!-- com.jqueryui.automate.Menu -->
