<?xml version="1.0" encoding="UTF-8"?>
<!-- Generated by org.testng.reporters.JUnitReportReporter -->
<testsuite skipped="0" hostname="PC201308271214" name="com.jqueryui.automate.InterActionsTest" tests="1" failures="0" timestamp="21 Nov 2017 21:22:37 GMT" time="17.001" errors="0">
  <testcase name="testDraggable" time="17.001" classname="com.jqueryui.automate.InterActionsTest"/>
</testsuite> <!-- com.jqueryui.automate.InterActionsTest -->
