<?xml version="1.0" encoding="UTF-8"?>
<!-- Generated by org.testng.reporters.JUnitReportReporter -->
<testsuite skipped="0" hostname="PC201308271214" name="com.jqueryui.automate.Tabs" tests="1" failures="0" timestamp="29 Nov 2017 23:17:58 GMT" time="22.832" errors="0">
  <testcase name="testTabs" time="22.832" classname="com.jqueryui.automate.Tabs"/>
</testsuite> <!-- com.jqueryui.automate.Tabs -->
