<?xml version="1.0" encoding="UTF-8"?>
<!-- Generated by org.testng.reporters.JUnitReportReporter -->
<testsuite skipped="0" hostname="PC201308271214" name="com.jqueryui.automate.ResizableTest" tests="1" failures="0" timestamp="22 Nov 2017 00:02:17 GMT" time="24.200" errors="0">
  <testcase name="testResizable" time="24.200" classname="com.jqueryui.automate.ResizableTest"/>
</testsuite> <!-- com.jqueryui.automate.ResizableTest -->
