<?xml version="1.0" encoding="UTF-8"?>
<!-- Generated by org.testng.reporters.JUnitReportReporter -->
<testsuite skipped="0" hostname="PC201308271214" name="com.jqueryui.automate.Checkboxradio" tests="1" failures="0" timestamp="29 Nov 2017 20:23:36 GMT" time="28.727" errors="0">
  <testcase name="testCheckboxradio" time="28.727" classname="com.jqueryui.automate.Checkboxradio"/>
</testsuite> <!-- com.jqueryui.automate.Checkboxradio -->
