<?xml version="1.0" encoding="UTF-8"?>
<!-- Generated by org.testng.reporters.JUnitReportReporter -->
<testsuite skipped="0" hostname="Mirzats-MacBook-Pro.local" name="com.jqueryui.automate.Button" tests="1" failures="0" timestamp="03 Jan 2018 19:44:08 GMT" time="13.957" errors="0">
  <testcase name="testButton" time="13.957" classname="com.jqueryui.automate.Button"/>
</testsuite> <!-- com.jqueryui.automate.Button -->
