<?xml version="1.0" encoding="UTF-8"?>
<!-- Generated by org.testng.reporters.JUnitReportReporter -->
<testsuite skipped="0" hostname="PC201308271214" name="com.jqueryui.automate.SelectableTest" tests="1" failures="0" timestamp="21 Nov 2017 22:08:41 GMT" time="18.411" errors="0">
  <testcase name="testSelectable" time="18.411" classname="com.jqueryui.automate.SelectableTest"/>
</testsuite> <!-- com.jqueryui.automate.SelectableTest -->
