<?xml version="1.0" encoding="UTF-8"?>
<!-- Generated by org.testng.reporters.JUnitReportReporter -->
<testsuite skipped="0" hostname="PC201308271214" name="com.jqueryui.automate.SelectMenu" tests="1" failures="0" timestamp="29 Nov 2017 22:51:57 GMT" time="24.646" errors="0">
  <testcase name="testSelectMenu" time="24.646" classname="com.jqueryui.automate.SelectMenu"/>
</testsuite> <!-- com.jqueryui.automate.SelectMenu -->
