<?xml version="1.0" encoding="UTF-8"?>
<!-- Generated by org.testng.reporters.JUnitReportReporter -->
<testsuite skipped="0" hostname="PC201308271214" name="com.jqueryui.automate.Dialog" tests="1" failures="0" timestamp="29 Nov 2017 21:56:43 GMT" time="20.463" errors="0">
  <testcase name="testAccordion" time="20.463" classname="com.jqueryui.automate.Dialog"/>
</testsuite> <!-- com.jqueryui.automate.Dialog -->
