<?xml version="1.0" encoding="UTF-8"?>
<!-- Generated by org.testng.reporters.JUnitReportReporter -->
<testsuite skipped="0" hostname="PC201308271214" name="com.jqueryui.automate.DatePicker" tests="1" failures="0" timestamp="29 Nov 2017 21:27:24 GMT" time="21.606" errors="0">
  <testcase name="testAccordion" time="21.606" classname="com.jqueryui.automate.DatePicker"/>
</testsuite> <!-- com.jqueryui.automate.DatePicker -->
