<?xml version="1.0" encoding="UTF-8"?>
<!-- Generated by org.testng.reporters.JUnitReportReporter -->
<testsuite skipped="0" hostname="PC201308271214" name="com.jqueryui.automate.Slider" tests="1" failures="0" timestamp="29 Nov 2017 23:15:21 GMT" time="20.764" errors="0">
  <testcase name="testAccordion" time="20.764" classname="com.jqueryui.automate.Slider"/>
</testsuite> <!-- com.jqueryui.automate.Slider -->
